<?xml version="1.0" encoding="UTF-8"?>
<!-- Generated by org.testng.reporters.JUnitReportReporter -->
<testsuite skipped="0" hostname="cleber-oliveira" name="application.test.TabsTest" tests="1" failures="0" timestamp="04 jun 2020 22:55:06 GMT" time="1.702" errors="0">
  <testcase name="Tabs" time="1.702" classname="application.test.TabsTest"/>
</testsuite> <!-- application.test.TabsTest -->
