<?xml version="1.0" encoding="UTF-8"?>
<!-- Generated by org.testng.reporters.JUnitReportReporter -->
<testsuite skipped="0" hostname="cleber-oliveira" name="application.test.TabsTest" tests="1" failures="0" timestamp="05 jun 2020 00:31:04 GMT" time="1.668" errors="0">
  <testcase name="Tabs" time="1.668" classname="application.test.TabsTest"/>
</testsuite> <!-- application.test.TabsTest -->
