<?xml version="1.0" encoding="UTF-8"?>
<!-- Generated by org.testng.reporters.JUnitReportReporter -->
<testsuite skipped="0" hostname="cleber-oliveira" name="application.test.TabsTestNG" tests="1" failures="0" timestamp="07 jun 2020 04:57:52 GMT" time="1.734" errors="0">
  <testcase name="Tabs" time="1.734" classname="application.test.TabsTestNG"/>
</testsuite> <!-- application.test.TabsTestNG -->
