<?xml version="1.0" encoding="UTF-8"?>
<!-- Generated by org.testng.reporters.JUnitReportReporter -->
<testsuite skipped="0" hostname="cleber-oliveira" name="application.test.AbasTest" tests="1" failures="0" timestamp="04 jun 2020 22:36:23 GMT" time="14.399" errors="0">
  <testcase name="testAbas" time="14.399" classname="application.test.AbasTest"/>
</testsuite> <!-- application.test.AbasTest -->
